<?xml version="1.0" encoding="UTF-8"?>
<testsuite xmlns:xsi="http://www.w3.org/2001/XMLSchema-instance" xsi:noNamespaceSchemaLocation="https://maven.apache.org/surefire/maven-surefire-plugin/xsd/surefire-test-report-3.0.xsd" version="3.0" name="com.healthcare.appointment_service.AppointmentServiceApplicationTests" time="13.289" tests="1" errors="0" skipped="0" failures="0">
  <properties>
[...]
</properties>
  <testcase name="contextLoads" classname="com.healthcare.appointment_service.AppointmentServiceApplicationTests" time="1.423">
    <system-out><![CDATA[11:35:38.578 [main] INFO org.springframework.test.context.support.AnnotationConfigContextLoaderUtils -- Could not detect default configuration classes for test class [com.healthcare.appointment_service.AppointmentServiceApplicationTests]: AppointmentServiceApplicationTests does not declare any static, non-private, non-final, nested classes annotated with @Configuration.
11:35:38.988 [main] INFO org.springframework.boot.test.context.SpringBootTestContextBootstrapper -- Found @SpringBootConfiguration com.healthcare.appointment_service.AppointmentServiceApplication for test class com.healthcare.appointment_service.AppointmentServiceApplicationTests

  .   ____          _            __ _ _
 /\\ / ___'_ __ _ _(_)_ __  __ _ \ \ \ \
( ( )\___ | '_ | '_| | '_ \/ _` | \ \ \ \
 \\/  ___)| |_)| | | | | || (_| |  ) ) ) )
  '  |____| .__|_| |_|_| |_\__, | / / / /
 =========|_|==============|___/=/_/_/_/
 :: Spring Boot ::                (v3.1.4)

2025-01-16T11:35:40.613+05:30  INFO 32504 --- [           main] c.h.a.AppointmentServiceApplicationTests : Starting AppointmentServiceApplicationTests using Java 21.0.3 with PID 32504 (started by RISHABH in E:\IIITB\Winter Project\backend_services\appointment-service)
2025-01-16T11:35:40.614+05:30  INFO 32504 --- [           main] c.h.a.AppointmentServiceApplicationTests : No active profile set, falling back to 1 default profile: "default"
2025-01-16T11:35:41.916+05:30  INFO 32504 --- [           main] .s.d.r.c.RepositoryConfigurationDelegate : Bootstrapping Spring Data JPA repositories in DEFAULT mode.
2025-01-16T11:35:42.183+05:30  INFO 32504 --- [           main] .s.d.r.c.RepositoryConfigurationDelegate : Finished Spring Data repository scanning in 259 ms. Found 1 JPA repository interfaces.
2025-01-16T11:35:42.593+05:30  INFO 32504 --- [           main] o.s.cloud.context.scope.GenericScope     : BeanFactory id=c33a9031-915e-389c-bfd4-8134da182017
2025-01-16T11:35:42.698+05:30  INFO 32504 --- [           main] trationDelegate$BeanPostProcessorChecker : Bean 'com.healthcare.appointment_service.feign_clients.DoctorServiceClient' of type [org.springframework.cloud.openfeign.FeignClientFactoryBean] is not eligible for getting processed by all BeanPostProcessors (for example: not eligible for auto-proxying)
2025-01-16T11:35:42.700+05:30  INFO 32504 --- [           main] trationDelegate$BeanPostProcessorChecker : Bean 'com.healthcare.appointment_service.feign_clients.PatientServiceClient' of type [org.springframework.cloud.openfeign.FeignClientFactoryBean] is not eligible for getting processed by all BeanPostProcessors (for example: not eligible for auto-proxying)
2025-01-16T11:35:43.190+05:30  INFO 32504 --- [           main] o.hibernate.jpa.internal.util.LogHelper  : HHH000204: Processing PersistenceUnitInfo [name: default]
2025-01-16T11:35:43.327+05:30  INFO 32504 --- [           main] org.hibernate.Version                    : HHH000412: Hibernate ORM core version 6.2.9.Final
2025-01-16T11:35:43.332+05:30  INFO 32504 --- [           main] org.hibernate.cfg.Environment            : HHH000406: Using bytecode reflection optimizer
2025-01-16T11:35:43.582+05:30  INFO 32504 --- [           main] o.h.b.i.BytecodeProviderInitiator        : HHH000021: Bytecode provider name : bytebuddy
2025-01-16T11:35:43.746+05:30  INFO 32504 --- [           main] o.s.o.j.p.SpringPersistenceUnitInfo      : No LoadTimeWeaver setup: ignoring JPA class transformer
2025-01-16T11:35:43.769+05:30  INFO 32504 --- [           main] com.zaxxer.hikari.HikariDataSource       : HikariPool-1 - Starting...
2025-01-16T11:35:44.248+05:30  INFO 32504 --- [           main] com.zaxxer.hikari.pool.HikariPool        : HikariPool-1 - Added connection com.mysql.cj.jdbc.ConnectionImpl@49e62b17
2025-01-16T11:35:44.251+05:30  INFO 32504 --- [           main] com.zaxxer.hikari.HikariDataSource       : HikariPool-1 - Start completed.
2025-01-16T11:35:44.323+05:30  WARN 32504 --- [           main] org.hibernate.orm.deprecation            : HHH90000026: MySQL8Dialect has been deprecated; use org.hibernate.dialect.MySQLDialect instead
2025-01-16T11:35:44.635+05:30  INFO 32504 --- [           main] o.h.b.i.BytecodeProviderInitiator        : HHH000021: Bytecode provider name : bytebuddy
2025-01-16T11:35:45.749+05:30  INFO 32504 --- [           main] o.h.e.t.j.p.i.JtaPlatformInitiator       : HHH000490: Using JtaPlatform implementation: [org.hibernate.engine.transaction.jta.platform.internal.NoJtaPlatform]
2025-01-16T11:35:45.857+05:30  INFO 32504 --- [           main] j.LocalContainerEntityManagerFactoryBean : Initialized JPA EntityManagerFactory for persistence unit 'default'
2025-01-16T11:35:46.785+05:30  WARN 32504 --- [           main] JpaBaseConfiguration$JpaWebConfiguration : spring.jpa.open-in-view is enabled by default. Therefore, database queries may be performed during view rendering. Explicitly configure spring.jpa.open-in-view to disable this warning
2025-01-16T11:35:48.642+05:30  INFO 32504 --- [           main] o.s.cloud.commons.util.InetUtils         : Cannot determine local hostname
2025-01-16T11:35:48.675+05:30  INFO 32504 --- [           main] DiscoveryClientOptionalArgsConfiguration : Eureka HTTP Client uses RestTemplate.
2025-01-16T11:35:49.710+05:30  INFO 32504 --- [           main] o.s.cloud.commons.util.InetUtils         : Cannot determine local hostname
2025-01-16T11:35:49.779+05:30  WARN 32504 --- [           main] iguration$LoadBalancerCaffeineWarnLogger : Spring Cloud LoadBalancer is currently working with the default cache. While this cache implementation is useful for development and tests, it's recommended to use Caffeine cache in production.You can switch to using Caffeine cache, by adding it and org.springframework.cache.caffeine.CaffeineCacheManager to the classpath.
2025-01-16T11:35:49.837+05:30  INFO 32504 --- [           main] o.s.c.n.eureka.InstanceInfoFactory       : Setting initial instance status as: STARTING
2025-01-16T11:35:49.940+05:30  INFO 32504 --- [           main] com.netflix.discovery.DiscoveryClient    : Initializing Eureka in region us-east-1
2025-01-16T11:35:49.940+05:30  INFO 32504 --- [           main] com.netflix.discovery.DiscoveryClient    : Client configured to neither register nor query for data.
2025-01-16T11:35:49.957+05:30  INFO 32504 --- [           main] com.netflix.discovery.DiscoveryClient    : Discovery Client initialized at timestamp 1737007549955 with initial instances count: 0
2025-01-16T11:35:49.970+05:30  INFO 32504 --- [           main] o.s.c.n.e.s.EurekaServiceRegistry        : Registering application APPOINTMENT-SERVICE with eureka with status UP
2025-01-16T11:35:49.987+05:30  INFO 32504 --- [           main] c.h.a.AppointmentServiceApplicationTests : Started AppointmentServiceApplicationTests in 10.76 seconds (process running for 12.875)
]]></system-out>
    <system-err><![CDATA[WARNING: A Java agent has been loaded dynamically (C:\Users\RISHABH\.m2\repository\net\bytebuddy\byte-buddy-agent\1.14.8\byte-buddy-agent-1.14.8.jar)
WARNING: If a serviceability tool is in use, please run with -XX:+EnableDynamicAgentLoading to hide this warning
WARNING: If a serviceability tool is not in use, please run with -Djdk.instrument.traceUsage for more information
WARNING: Dynamic loading of agents will be disallowed by default in a future release
]]></system-err>
  </testcase>
</testsuite>