<?xml version="1.0" encoding="UTF-8"?>
<testsuite xmlns:xsi="http://www.w3.org/2001/XMLSchema-instance" xsi:noNamespaceSchemaLocation="https://maven.apache.org/surefire/maven-surefire-plugin/xsd/surefire-test-report.xsd" version="3.0.2" name="com.healthcare.patient_service.PatientServiceApplicationTests" time="10.858" tests="1" errors="0" skipped="0" failures="0">
  <properties>
[...]
</properties>
  <testcase name="contextLoads" classname="com.healthcare.patient_service.PatientServiceApplicationTests" time="0.369">
    <system-out><![CDATA[11:35:56.705 [main] INFO org.springframework.test.context.support.AnnotationConfigContextLoaderUtils -- Could not detect default configuration classes for test class [com.healthcare.patient_service.PatientServiceApplicationTests]: PatientServiceApplicationTests does not declare any static, non-private, non-final, nested classes annotated with @Configuration.
11:35:56.804 [main] INFO org.springframework.boot.test.context.SpringBootTestContextBootstrapper -- Found @SpringBootConfiguration com.healthcare.patient_service.PatientServiceApplication for test class com.healthcare.patient_service.PatientServiceApplicationTests

  .   ____          _            __ _ _
 /\\ / ___'_ __ _ _(_)_ __  __ _ \ \ \ \
( ( )\___ | '_ | '_| | '_ \/ _` | \ \ \ \
 \\/  ___)| |_)| | | | | || (_| |  ) ) ) )
  '  |____| .__|_| |_|_| |_\__, | / / / /
 =========|_|==============|___/=/_/_/_/

 :: Spring Boot ::                (v3.4.1)

2025-01-16T11:35:58.564+05:30  INFO 28692 --- [patient-service] [           main] c.h.p.PatientServiceApplicationTests     : Starting PatientServiceApplicationTests using Java 21.0.3 with PID 28692 (started by RISHABH in E:\IIITB\Winter Project\backend_services\patient-service)
2025-01-16T11:35:58.567+05:30  INFO 28692 --- [patient-service] [           main] c.h.p.PatientServiceApplicationTests     : No active profile set, falling back to 1 default profile: "default"
2025-01-16T11:35:59.702+05:30  INFO 28692 --- [patient-service] [           main] .s.d.r.c.RepositoryConfigurationDelegate : Bootstrapping Spring Data JPA repositories in DEFAULT mode.
2025-01-16T11:35:59.855+05:30  INFO 28692 --- [patient-service] [           main] .s.d.r.c.RepositoryConfigurationDelegate : Finished Spring Data repository scanning in 140 ms. Found 1 JPA repository interface.
2025-01-16T11:36:00.188+05:30  INFO 28692 --- [patient-service] [           main] o.s.cloud.context.scope.GenericScope     : BeanFactory id=9b1490e6-2af2-310b-9d84-54178a713987
2025-01-16T11:36:00.909+05:30  INFO 28692 --- [patient-service] [           main] o.hibernate.jpa.internal.util.LogHelper  : HHH000204: Processing PersistenceUnitInfo [name: default]
2025-01-16T11:36:01.044+05:30  INFO 28692 --- [patient-service] [           main] org.hibernate.Version                    : HHH000412: Hibernate ORM core version 6.6.4.Final
2025-01-16T11:36:01.094+05:30  INFO 28692 --- [patient-service] [           main] o.h.c.internal.RegionFactoryInitiator    : HHH000026: Second-level cache disabled
2025-01-16T11:36:01.462+05:30  INFO 28692 --- [patient-service] [           main] o.s.o.j.p.SpringPersistenceUnitInfo      : No LoadTimeWeaver setup: ignoring JPA class transformer
2025-01-16T11:36:01.492+05:30  INFO 28692 --- [patient-service] [           main] com.zaxxer.hikari.HikariDataSource       : HikariPool-1 - Starting...
2025-01-16T11:36:01.876+05:30  INFO 28692 --- [patient-service] [           main] com.zaxxer.hikari.pool.HikariPool        : HikariPool-1 - Added connection com.mysql.cj.jdbc.ConnectionImpl@5c930fc3
2025-01-16T11:36:01.878+05:30  INFO 28692 --- [patient-service] [           main] com.zaxxer.hikari.HikariDataSource       : HikariPool-1 - Start completed.
2025-01-16T11:36:01.923+05:30  WARN 28692 --- [patient-service] [           main] org.hibernate.orm.deprecation            : HHH90000025: MySQL8Dialect does not need to be specified explicitly using 'hibernate.dialect' (remove the property setting and it will be selected by default)
2025-01-16T11:36:01.924+05:30  WARN 28692 --- [patient-service] [           main] org.hibernate.orm.deprecation            : HHH90000026: MySQL8Dialect has been deprecated; use org.hibernate.dialect.MySQLDialect instead
2025-01-16T11:36:01.943+05:30  INFO 28692 --- [patient-service] [           main] org.hibernate.orm.connections.pooling    : HHH10001005: Database info:
	Database JDBC URL [Connecting through datasource 'HikariDataSource (HikariPool-1)']
	Database driver: undefined/unknown
	Database version: 8.0
	Autocommit mode: undefined/unknown
	Isolation level: undefined/unknown
	Minimum pool size: undefined/unknown
	Maximum pool size: undefined/unknown
2025-01-16T11:36:02.887+05:30  INFO 28692 --- [patient-service] [           main] o.h.e.t.j.p.i.JtaPlatformInitiator       : HHH000489: No JTA platform available (set 'hibernate.transaction.jta.platform' to enable JTA platform integration)
2025-01-16T11:36:03.456+05:30  INFO 28692 --- [patient-service] [           main] j.LocalContainerEntityManagerFactoryBean : Initialized JPA EntityManagerFactory for persistence unit 'default'
2025-01-16T11:36:03.930+05:30  INFO 28692 --- [patient-service] [           main] o.s.d.j.r.query.QueryEnhancerFactory     : Hibernate is in classpath; If applicable, HQL parser will be used.
2025-01-16T11:36:04.336+05:30  WARN 28692 --- [patient-service] [           main] JpaBaseConfiguration$JpaWebConfiguration : spring.jpa.open-in-view is enabled by default. Therefore, database queries may be performed during view rendering. Explicitly configure spring.jpa.open-in-view to disable this warning
2025-01-16T11:36:05.863+05:30  INFO 28692 --- [patient-service] [           main] o.s.cloud.commons.util.InetUtils         : Cannot determine local hostname
2025-01-16T11:36:06.893+05:30  INFO 28692 --- [patient-service] [           main] o.s.cloud.commons.util.InetUtils         : Cannot determine local hostname
2025-01-16T11:36:06.908+05:30  INFO 28692 --- [patient-service] [           main] DiscoveryClientOptionalArgsConfiguration : Eureka HTTP Client uses RestTemplate.
2025-01-16T11:36:06.938+05:30  WARN 28692 --- [patient-service] [           main] iguration$LoadBalancerCaffeineWarnLogger : Spring Cloud LoadBalancer is currently working with the default cache. While this cache implementation is useful for development and tests, it's recommended to use Caffeine cache in production.You can switch to using Caffeine cache, by adding it and org.springframework.cache.caffeine.CaffeineCacheManager to the classpath.
2025-01-16T11:36:06.959+05:30  INFO 28692 --- [patient-service] [           main] o.s.c.n.eureka.InstanceInfoFactory       : Setting initial instance status as: STARTING
2025-01-16T11:36:06.979+05:30  INFO 28692 --- [patient-service] [           main] com.netflix.discovery.DiscoveryClient    : Initializing Eureka in region us-east-1
2025-01-16T11:36:06.980+05:30  INFO 28692 --- [patient-service] [           main] com.netflix.discovery.DiscoveryClient    : Client configured to neither register nor query for data.
2025-01-16T11:36:06.982+05:30  INFO 28692 --- [patient-service] [           main] com.netflix.discovery.DiscoveryClient    : Discovery Client initialized at timestamp 1737007566981 with initial instances count: 0
2025-01-16T11:36:06.985+05:30  INFO 28692 --- [patient-service] [           main] o.s.c.n.e.s.EurekaServiceRegistry        : Registering application PATIENT-SERVICE with eureka with status UP
2025-01-16T11:36:06.993+05:30  INFO 28692 --- [patient-service] [           main] c.h.p.PatientServiceApplicationTests     : Started PatientServiceApplicationTests in 9.886 seconds (process running for 12.019)
]]></system-out>
    <system-err><![CDATA[Mockito is currently self-attaching to enable the inline-mock-maker. This will no longer work in future releases of the JDK. Please add Mockito as an agent to your build what is described in Mockito's documentation: https://javadoc.io/doc/org.mockito/mockito-core/latest/org/mockito/Mockito.html#0.3
WARNING: A Java agent has been loaded dynamically (C:\Users\RISHABH\.m2\repository\net\bytebuddy\byte-buddy-agent\1.15.11\byte-buddy-agent-1.15.11.jar)
WARNING: If a serviceability tool is in use, please run with -XX:+EnableDynamicAgentLoading to hide this warning
WARNING: If a serviceability tool is not in use, please run with -Djdk.instrument.traceUsage for more information
WARNING: Dynamic loading of agents will be disallowed by default in a future release
]]></system-err>
  </testcase>
</testsuite>